{"/home/travis/build/npmtest/node-npmtest-slackbots/test.js":{"path":"/home/travis/build/npmtest/node-npmtest-slackbots/test.js","s":{"1":2,"2":2,"3":2,"4":2,"5":2,"6":2,"7":2,"8":1,"9":2,"10":2,"11":1,"12":1,"13":1,"14":1,"15":2,"16":2,"17":2,"18":2,"19":1,"20":1,"21":2,"22":2,"23":2,"24":1,"25":1,"26":1,"27":1,"28":1,"29":1,"30":1,"31":1,"32":1,"33":1,"34":1,"35":1,"36":1,"37":1,"38":1,"39":2,"40":2,"41":1,"42":2,"43":2,"44":1,"45":2,"46":2,"47":1,"48":2,"49":2,"50":1,"51":1,"52":1,"53":1,"54":1},"b":{"1":[2,1,1,1],"2":[1,1,1,1],"3":[1,1],"4":[1,1],"5":[1,1],"6":[1,1],"7":[1,1],"8":[1,1],"9":[1,1],"10":[1,1,1],"11":[1,1],"12":[1,1],"13":[1,1],"14":[1,1],"15":[1,1],"16":[1,1],"17":[1,1]},"f":{"1":2,"2":2,"3":2,"4":2,"5":2,"6":1,"7":1,"8":1,"9":2,"10":2,"11":2,"12":2,"13":1},"fnMap":{"1":{"name":"(anonymous_1)","line":12,"loc":{"start":{"line":12,"column":1},"end":{"line":12,"column":13}}},"2":{"name":"(anonymous_2)","line":19,"loc":{"start":{"line":19,"column":5},"end":{"line":19,"column":17}}},"3":{"name":"(anonymous_3)","line":23,"loc":{"start":{"line":23,"column":24},"end":{"line":23,"column":36}}},"4":{"name":"(anonymous_4)","line":61,"loc":{"start":{"line":61,"column":5},"end":{"line":61,"column":17}}},"5":{"name":"(anonymous_5)","line":82,"loc":{"start":{"line":82,"column":5},"end":{"line":82,"column":17}}},"6":{"name":"(anonymous_6)","line":91,"loc":{"start":{"line":91,"column":77},"end":{"line":94,"column":10}}},"7":{"name":"(anonymous_7)","line":112,"loc":{"start":{"line":112,"column":83},"end":{"line":115,"column":10}},"skip":true},"8":{"name":"(anonymous_8)","line":123,"loc":{"start":{"line":123,"column":77},"end":{"line":126,"column":10}},"skip":true},"9":{"name":"(anonymous_9)","line":139,"loc":{"start":{"line":139,"column":12},"end":{"line":139,"column":40}},"skip":true},"10":{"name":"(anonymous_10)","line":147,"loc":{"start":{"line":147,"column":77},"end":{"line":150,"column":10}},"skip":true},"11":{"name":"(anonymous_11)","line":158,"loc":{"start":{"line":158,"column":83},"end":{"line":161,"column":10}},"skip":true},"12":{"name":"(anonymous_12)","line":169,"loc":{"start":{"line":169,"column":79},"end":{"line":172,"column":10}},"skip":true},"13":{"name":"(anonymous_13)","line":180,"loc":{"start":{"line":180,"column":75},"end":{"line":183,"column":10}},"skip":true}},"statementMap":{"1":{"start":{"line":12,"column":0},"end":{"line":195,"column":5}},"2":{"start":{"line":14,"column":4},"end":{"line":14,"column":14}},"3":{"start":{"line":19,"column":4},"end":{"line":56,"column":9}},"4":{"start":{"line":21,"column":8},"end":{"line":21,"column":19}},"5":{"start":{"line":23,"column":8},"end":{"line":35,"column":13}},"6":{"start":{"line":24,"column":12},"end":{"line":34,"column":13}},"7":{"start":{"line":25,"column":16},"end":{"line":28,"column":30}},"8":{"start":{"line":30,"column":16},"end":{"line":33,"column":27}},"9":{"start":{"line":37,"column":8},"end":{"line":39,"column":21}},"10":{"start":{"line":40,"column":8},"end":{"line":53,"column":9}},"11":{"start":{"line":43,"column":12},"end":{"line":46,"column":14}},"12":{"start":{"line":47,"column":12},"end":{"line":47,"column":18}},"13":{"start":{"line":50,"column":12},"end":{"line":51,"column":46}},"14":{"start":{"line":52,"column":12},"end":{"line":52,"column":18}},"15":{"start":{"line":55,"column":8},"end":{"line":55,"column":35}},"16":{"start":{"line":61,"column":4},"end":{"line":63,"column":9}},"17":{"start":{"line":62,"column":8},"end":{"line":62,"column":15}},"18":{"start":{"line":64,"column":4},"end":{"line":77,"column":5}},"19":{"start":{"line":70,"column":8},"end":{"line":70,"column":14}},"20":{"start":{"line":76,"column":8},"end":{"line":76,"column":14}},"21":{"start":{"line":82,"column":4},"end":{"line":84,"column":9}},"22":{"start":{"line":83,"column":8},"end":{"line":83,"column":15}},"23":{"start":{"line":85,"column":4},"end":{"line":194,"column":5}},"24":{"start":{"line":91,"column":8},"end":{"line":99,"column":10}},"25":{"start":{"line":98,"column":12},"end":{"line":98,"column":35}},"26":{"start":{"line":102,"column":8},"end":{"line":104,"column":63}},"27":{"start":{"line":105,"column":8},"end":{"line":105,"column":14}},"28":{"start":{"line":112,"column":8},"end":{"line":121,"column":10},"skip":true},"29":{"start":{"line":119,"column":12},"end":{"line":119,"column":55},"skip":true},"30":{"start":{"line":120,"column":12},"end":{"line":120,"column":48},"skip":true},"31":{"start":{"line":123,"column":8},"end":{"line":136,"column":10},"skip":true},"32":{"start":{"line":130,"column":12},"end":{"line":130,"column":76},"skip":true},"33":{"start":{"line":131,"column":12},"end":{"line":131,"column":73},"skip":true},"34":{"start":{"line":132,"column":12},"end":{"line":132,"column":74},"skip":true},"35":{"start":{"line":133,"column":12},"end":{"line":133,"column":79},"skip":true},"36":{"start":{"line":134,"column":12},"end":{"line":134,"column":25},"skip":true},"37":{"start":{"line":135,"column":12},"end":{"line":135,"column":45},"skip":true},"38":{"start":{"line":138,"column":8},"end":{"line":145,"column":14},"skip":true},"39":{"start":{"line":143,"column":16},"end":{"line":143,"column":29},"skip":true},"40":{"start":{"line":144,"column":16},"end":{"line":144,"column":55},"skip":true},"41":{"start":{"line":147,"column":8},"end":{"line":156,"column":10},"skip":true},"42":{"start":{"line":154,"column":12},"end":{"line":154,"column":25},"skip":true},"43":{"start":{"line":155,"column":12},"end":{"line":155,"column":45},"skip":true},"44":{"start":{"line":158,"column":8},"end":{"line":167,"column":10},"skip":true},"45":{"start":{"line":165,"column":12},"end":{"line":165,"column":25},"skip":true},"46":{"start":{"line":166,"column":12},"end":{"line":166,"column":48},"skip":true},"47":{"start":{"line":169,"column":8},"end":{"line":178,"column":10},"skip":true},"48":{"start":{"line":176,"column":12},"end":{"line":176,"column":25},"skip":true},"49":{"start":{"line":177,"column":12},"end":{"line":177,"column":46},"skip":true},"50":{"start":{"line":180,"column":8},"end":{"line":189,"column":10},"skip":true},"51":{"start":{"line":187,"column":12},"end":{"line":187,"column":94},"skip":true},"52":{"start":{"line":188,"column":12},"end":{"line":188,"column":48},"skip":true},"53":{"start":{"line":192,"column":8},"end":{"line":192,"column":35},"skip":true},"54":{"start":{"line":193,"column":8},"end":{"line":193,"column":14},"skip":true}},"branchMap":{"1":{"line":25,"type":"binary-expr","locations":[{"start":{"line":25,"column":23},"end":{"line":25,"column":62}},{"start":{"line":26,"column":20},"end":{"line":26,"column":70}},{"start":{"line":27,"column":20},"end":{"line":27,"column":71}},{"start":{"line":28,"column":20},"end":{"line":28,"column":29}}]},"2":{"line":30,"type":"binary-expr","locations":[{"start":{"line":30,"column":23},"end":{"line":30,"column":37}},{"start":{"line":31,"column":20},"end":{"line":31,"column":61}},{"start":{"line":32,"column":20},"end":{"line":32,"column":70}},{"start":{"line":33,"column":20},"end":{"line":33,"column":26}}]},"3":{"line":37,"type":"cond-expr","locations":[{"start":{"line":38,"column":14},"end":{"line":38,"column":20}},{"start":{"line":39,"column":14},"end":{"line":39,"column":20}}]},"4":{"line":40,"type":"switch","locations":[{"start":{"line":42,"column":8},"end":{"line":47,"column":18}},{"start":{"line":49,"column":8},"end":{"line":52,"column":18}}]},"5":{"line":44,"type":"binary-expr","locations":[{"start":{"line":44,"column":16},"end":{"line":44,"column":44}},{"start":{"line":44,"column":48},"end":{"line":44,"column":66}}]},"6":{"line":50,"type":"binary-expr","locations":[{"start":{"line":50,"column":21},"end":{"line":50,"column":49}},{"start":{"line":50,"column":53},"end":{"line":50,"column":72}}]},"7":{"line":64,"type":"switch","locations":[{"start":{"line":69,"column":4},"end":{"line":70,"column":14}},{"start":{"line":75,"column":4},"end":{"line":76,"column":14}}]},"8":{"line":85,"type":"switch","locations":[{"start":{"line":90,"column":4},"end":{"line":105,"column":14}},{"start":{"line":111,"column":4},"end":{"line":193,"column":14},"skip":true}]},"9":{"line":91,"type":"binary-expr","locations":[{"start":{"line":91,"column":42},"end":{"line":91,"column":73}},{"start":{"line":91,"column":77},"end":{"line":99,"column":9}}]},"10":{"line":102,"type":"binary-expr","locations":[{"start":{"line":102,"column":18},"end":{"line":102,"column":32}},{"start":{"line":103,"column":12},"end":{"line":103,"column":53}},{"start":{"line":104,"column":12},"end":{"line":104,"column":61}}]},"11":{"line":112,"type":"binary-expr","locations":[{"start":{"line":112,"column":45},"end":{"line":112,"column":79},"skip":true},{"start":{"line":112,"column":83},"end":{"line":121,"column":9},"skip":true}]},"12":{"line":123,"type":"binary-expr","locations":[{"start":{"line":123,"column":42},"end":{"line":123,"column":73},"skip":true},{"start":{"line":123,"column":77},"end":{"line":136,"column":9},"skip":true}]},"13":{"line":138,"type":"binary-expr","locations":[{"start":{"line":138,"column":48},"end":{"line":138,"column":85},"skip":true},{"start":{"line":139,"column":12},"end":{"line":145,"column":13},"skip":true}]},"14":{"line":147,"type":"binary-expr","locations":[{"start":{"line":147,"column":42},"end":{"line":147,"column":73},"skip":true},{"start":{"line":147,"column":77},"end":{"line":156,"column":9},"skip":true}]},"15":{"line":158,"type":"binary-expr","locations":[{"start":{"line":158,"column":45},"end":{"line":158,"column":79},"skip":true},{"start":{"line":158,"column":83},"end":{"line":167,"column":9},"skip":true}]},"16":{"line":169,"type":"binary-expr","locations":[{"start":{"line":169,"column":43},"end":{"line":169,"column":75},"skip":true},{"start":{"line":169,"column":79},"end":{"line":178,"column":9},"skip":true}]},"17":{"line":180,"type":"binary-expr","locations":[{"start":{"line":180,"column":41},"end":{"line":180,"column":71},"skip":true},{"start":{"line":180,"column":75},"end":{"line":189,"column":9},"skip":true}]}},"code":["/* istanbul instrument in package npmtest_slackbots */","/*jslint","    bitwise: true,","    browser: true,","    maxerr: 8,","    maxlen: 96,","    node: true,","    nomen: true,","    regexp: true,","    stupid: true","*/","(function () {","    'use strict';","    var local;","","","","    // run shared js-env code - pre-init","    (function () {","        // init local","        local = {};","        // init modeJs","        local.modeJs = (function () {","            try {","                return typeof navigator.userAgent === 'string' &&","                    typeof document.querySelector('body') === 'object' &&","                    typeof XMLHttpRequest.prototype.open === 'function' &&","                    'browser';","            } catch (errorCaughtBrowser) {","                return module.exports &&","                    typeof process.versions.node === 'string' &&","                    typeof require('http').createServer === 'function' &&","                    'node';","            }","        }());","        // init global","        local.global = local.modeJs === 'browser'","            ? window","            : global;","        switch (local.modeJs) {","        // re-init local from window.local","        case 'browser':","            local = local.global.utility2.objectSetDefault(","                local.global.utility2_rollup || local.global.local,","                local.global.utility2","            );","            break;","        // re-init local from example.js","        case 'node':","            local = (local.global.utility2_rollup || require('utility2'))","                .requireExampleJsFromReadme();","            break;","        }","        // export local","        local.global.local = local;","    }());","","","","    // run shared js-env code - function","    (function () {","        return;","    }());","    switch (local.modeJs) {","","","","    // run browser js-env code - function","    case 'browser':","        break;","","","","    // run node js-env code - function","    case 'node':","        break;","    }","","","","    // run shared js-env code - post-init","    (function () {","        return;","    }());","    switch (local.modeJs) {","","","","    // run browser js-env code - post-init","    case 'browser':","        local.testCase_browser_nullCase = local.testCase_browser_nullCase || function (","            options,","            onError","        ) {","        /*","         * this function will test browsers's null-case handling-behavior-behavior","         */","            onError(null, options);","        };","","        // run tests","        local.nop(local.modeTest &&","            document.querySelector('#testRunButton1') &&","            document.querySelector('#testRunButton1').click());","        break;","","","","    // run node js-env code - post-init","    /* istanbul ignore next */","    case 'node':","        local.testCase_buildApidoc_default = local.testCase_buildApidoc_default || function (","            options,","            onError","        ) {","        /*","         * this function will test buildApidoc's default handling-behavior-behavior","         */","            options = { modulePathList: module.paths };","            local.buildApidoc(options, onError);","        };","","        local.testCase_buildApp_default = local.testCase_buildApp_default || function (","            options,","            onError","        ) {","        /*","         * this function will test buildApp's default handling-behavior-behavior","         */","            local.testCase_buildReadme_default(options, local.onErrorThrow);","            local.testCase_buildLib_default(options, local.onErrorThrow);","            local.testCase_buildTest_default(options, local.onErrorThrow);","            local.testCase_buildCustomOrg_default(options, local.onErrorThrow);","            options = [];","            local.buildApp(options, onError);","        };","","        local.testCase_buildCustomOrg_default = local.testCase_buildCustomOrg_default ||","            function (options, onError) {","            /*","             * this function will test buildCustomOrg's default handling-behavior","             */","                options = {};","                local.buildCustomOrg(options, onError);","            };","","        local.testCase_buildLib_default = local.testCase_buildLib_default || function (","            options,","            onError","        ) {","        /*","         * this function will test buildLib's default handling-behavior","         */","            options = {};","            local.buildLib(options, onError);","        };","","        local.testCase_buildReadme_default = local.testCase_buildReadme_default || function (","            options,","            onError","        ) {","        /*","         * this function will test buildReadme's default handling-behavior-behavior","         */","            options = {};","            local.buildReadme(options, onError);","        };","","        local.testCase_buildTest_default = local.testCase_buildTest_default || function (","            options,","            onError","        ) {","        /*","         * this function will test buildTest's default handling-behavior","         */","            options = {};","            local.buildTest(options, onError);","        };","","        local.testCase_webpage_default = local.testCase_webpage_default || function (","            options,","            onError","        ) {","        /*","         * this function will test webpage's default handling-behavior","         */","            options = { modeCoverageMerge: true, url: local.serverLocalHost + '?modeTest=1' };","            local.browserTest(options, onError);","        };","","        // run test-server","        local.testRunServer(local);","        break;","    }","}());",""],"l":{"12":2,"14":2,"19":2,"21":2,"23":2,"24":2,"25":2,"30":1,"37":2,"40":2,"43":1,"47":1,"50":1,"52":1,"55":2,"61":2,"62":2,"64":2,"70":1,"76":1,"82":2,"83":2,"85":2,"91":1,"98":1,"102":1,"105":1,"112":1,"119":1,"120":1,"123":1,"130":1,"131":1,"132":1,"133":1,"134":1,"135":1,"138":1,"143":2,"144":2,"147":1,"154":2,"155":2,"158":1,"165":2,"166":2,"169":1,"176":2,"177":2,"180":1,"187":1,"188":1,"192":1,"193":1}},"/home/travis/build/npmtest/node-npmtest-slackbots/lib.npmtest_slackbots.js":{"path":"/home/travis/build/npmtest/node-npmtest-slackbots/lib.npmtest_slackbots.js","s":{"1":2,"2":2,"3":2,"4":2,"5":2,"6":2,"7":2,"8":1,"9":2,"10":2,"11":2,"12":2,"13":1,"14":1,"15":1,"16":1},"b":{"1":[2,1,1,1],"2":[1,1,1,1],"3":[1,1],"4":[2,2],"5":[1,1]},"f":{"1":2,"2":2,"3":2},"fnMap":{"1":{"name":"(anonymous_1)","line":12,"loc":{"start":{"line":12,"column":1},"end":{"line":12,"column":13}}},"2":{"name":"(anonymous_2)","line":19,"loc":{"start":{"line":19,"column":5},"end":{"line":19,"column":17}}},"3":{"name":"(anonymous_3)","line":23,"loc":{"start":{"line":23,"column":24},"end":{"line":23,"column":36}}}},"statementMap":{"1":{"start":{"line":12,"column":0},"end":{"line":53,"column":5}},"2":{"start":{"line":14,"column":4},"end":{"line":14,"column":14}},"3":{"start":{"line":19,"column":4},"end":{"line":52,"column":9}},"4":{"start":{"line":21,"column":8},"end":{"line":21,"column":19}},"5":{"start":{"line":23,"column":8},"end":{"line":35,"column":13}},"6":{"start":{"line":24,"column":12},"end":{"line":34,"column":13}},"7":{"start":{"line":25,"column":16},"end":{"line":28,"column":30}},"8":{"start":{"line":30,"column":16},"end":{"line":33,"column":27}},"9":{"start":{"line":37,"column":8},"end":{"line":39,"column":21}},"10":{"start":{"line":41,"column":8},"end":{"line":41,"column":54}},"11":{"start":{"line":43,"column":8},"end":{"line":43,"column":54}},"12":{"start":{"line":45,"column":8},"end":{"line":51,"column":9}},"13":{"start":{"line":46,"column":12},"end":{"line":46,"column":60}},"14":{"start":{"line":48,"column":12},"end":{"line":48,"column":35}},"15":{"start":{"line":49,"column":12},"end":{"line":49,"column":49}},"16":{"start":{"line":50,"column":12},"end":{"line":50,"column":43}}},"branchMap":{"1":{"line":25,"type":"binary-expr","locations":[{"start":{"line":25,"column":23},"end":{"line":25,"column":62}},{"start":{"line":26,"column":20},"end":{"line":26,"column":70}},{"start":{"line":27,"column":20},"end":{"line":27,"column":71}},{"start":{"line":28,"column":20},"end":{"line":28,"column":29}}]},"2":{"line":30,"type":"binary-expr","locations":[{"start":{"line":30,"column":23},"end":{"line":30,"column":37}},{"start":{"line":31,"column":20},"end":{"line":31,"column":61}},{"start":{"line":32,"column":20},"end":{"line":32,"column":70}},{"start":{"line":33,"column":20},"end":{"line":33,"column":26}}]},"3":{"line":37,"type":"cond-expr","locations":[{"start":{"line":38,"column":14},"end":{"line":38,"column":20}},{"start":{"line":39,"column":14},"end":{"line":39,"column":20}}]},"4":{"line":41,"type":"binary-expr","locations":[{"start":{"line":41,"column":16},"end":{"line":41,"column":44}},{"start":{"line":41,"column":48},"end":{"line":41,"column":53}}]},"5":{"line":45,"type":"if","locations":[{"start":{"line":45,"column":8},"end":{"line":45,"column":8}},{"start":{"line":45,"column":8},"end":{"line":45,"column":8}}]}},"code":["/* istanbul instrument in package npmtest_slackbots */","/*jslint","    bitwise: true,","    browser: true,","    maxerr: 8,","    maxlen: 96,","    node: true,","    nomen: true,","    regexp: true,","    stupid: true","*/","(function () {","    'use strict';","    var local;","","","","    // run shared js-env code - pre-init","    (function () {","        // init local","        local = {};","        // init modeJs","        local.modeJs = (function () {","            try {","                return typeof navigator.userAgent === 'string' &&","                    typeof document.querySelector('body') === 'object' &&","                    typeof XMLHttpRequest.prototype.open === 'function' &&","                    'browser';","            } catch (errorCaughtBrowser) {","                return module.exports &&","                    typeof process.versions.node === 'string' &&","                    typeof require('http').createServer === 'function' &&","                    'node';","            }","        }());","        // init global","        local.global = local.modeJs === 'browser'","            ? window","            : global;","        // init utility2_rollup","        local = local.global.utility2_rollup || local;","        // init lib","        local.local = local.npmtest_slackbots = local;","        // init exports","        if (local.modeJs === 'browser') {","            local.global.utility2_npmtest_slackbots = local;","        } else {","            module.exports = local;","            module.exports.__dirname = __dirname;","            module.exports.module = module;","        }","    }());","}());",""],"l":{"12":2,"14":2,"19":2,"21":2,"23":2,"24":2,"25":2,"30":1,"37":2,"41":2,"43":2,"45":2,"46":1,"48":1,"49":1,"50":1}},"/home/travis/build/npmtest/node-npmtest-slackbots/example.js":{"path":"/home/travis/build/npmtest/node-npmtest-slackbots/example.js","s":{"1":2,"2":2,"3":2,"4":2,"5":2,"6":2,"7":2,"8":1,"9":2,"10":2,"11":2,"12":2,"13":1,"14":2,"15":2,"16":2,"17":2,"18":2,"19":0,"20":2,"21":1,"22":1,"23":1,"24":1,"25":1,"26":0,"27":0,"28":1,"29":1,"30":2,"31":0,"32":0,"33":0,"34":1,"35":2,"36":2,"37":3,"38":3,"39":3,"40":3,"41":0,"42":3,"43":3,"44":3,"45":1,"46":3,"47":1,"48":1,"49":1,"50":1,"51":1,"52":1,"53":1,"54":1,"55":1,"56":1,"57":0,"58":1,"59":6,"60":6,"61":1,"62":2,"63":0,"64":2,"65":1,"66":1,"67":0,"68":0,"69":0,"70":0,"71":0,"72":0,"73":0,"74":0,"75":0,"76":0,"77":0,"78":0,"79":0,"80":0,"81":0,"82":0,"83":0},"b":{"1":[2,1,1,1],"2":[1,1,1,1],"3":[1,1],"4":[2,2],"5":[1,1],"6":[1,1],"7":[2,0],"8":[2,1,1,1,1,1],"9":[0,2,0],"10":[1,1],"11":[2,1,1],"12":[1,0],"13":[0,2],"14":[2,0,0,0,0,0,0],"15":[0,3],"16":[3,0],"17":[1,1],"18":[0,1],"19":[1,2,0,2],"20":[1,0],"21":[1,1],"22":[0,0],"23":[0,0],"24":[0,0],"25":[0,0],"26":[0,0],"27":[0,0],"28":[0,0]},"f":{"1":2,"2":2,"3":2,"4":2,"5":2,"6":2,"7":3,"8":3,"9":3,"10":1,"11":6,"12":0},"fnMap":{"1":{"name":"(anonymous_1)","line":26,"loc":{"start":{"line":26,"column":1},"end":{"line":26,"column":13}}},"2":{"name":"(anonymous_2)","line":33,"loc":{"start":{"line":33,"column":5},"end":{"line":33,"column":17}}},"3":{"name":"(anonymous_3)","line":37,"loc":{"start":{"line":37,"column":24},"end":{"line":37,"column":36}}},"4":{"name":"(anonymous_4)","line":69,"loc":{"start":{"line":69,"column":31},"end":{"line":69,"column":48}},"skip":true},"5":{"name":"(anonymous_5)","line":78,"loc":{"start":{"line":78,"column":26},"end":{"line":78,"column":45}},"skip":true},"6":{"name":"(anonymous_6)","line":123,"loc":{"start":{"line":123,"column":33},"end":{"line":123,"column":48}},"skip":true},"7":{"name":"(anonymous_7)","line":125,"loc":{"start":{"line":125,"column":27},"end":{"line":125,"column":39}},"skip":true},"8":{"name":"(anonymous_8)","line":133,"loc":{"start":{"line":133,"column":59},"end":{"line":133,"column":74}},"skip":true},"9":{"name":"(anonymous_9)","line":143,"loc":{"start":{"line":143,"column":45},"end":{"line":143,"column":62}},"skip":true},"10":{"name":"(anonymous_10)","line":144,"loc":{"start":{"line":144,"column":73},"end":{"line":144,"column":92}},"skip":true},"11":{"name":"(anonymous_11)","line":272,"loc":{"start":{"line":272,"column":51},"end":{"line":272,"column":77}},"skip":true},"12":{"name":"(anonymous_12)","line":315,"loc":{"start":{"line":315,"column":32},"end":{"line":315,"column":61}},"skip":true}},"statementMap":{"1":{"start":{"line":26,"column":0},"end":{"line":326,"column":5}},"2":{"start":{"line":28,"column":4},"end":{"line":28,"column":14}},"3":{"start":{"line":33,"column":4},"end":{"line":60,"column":9}},"4":{"start":{"line":35,"column":8},"end":{"line":35,"column":19}},"5":{"start":{"line":37,"column":8},"end":{"line":49,"column":13}},"6":{"start":{"line":38,"column":12},"end":{"line":48,"column":13}},"7":{"start":{"line":39,"column":16},"end":{"line":42,"column":30}},"8":{"start":{"line":44,"column":16},"end":{"line":47,"column":27}},"9":{"start":{"line":51,"column":8},"end":{"line":53,"column":21}},"10":{"start":{"line":55,"column":8},"end":{"line":57,"column":45}},"11":{"start":{"line":59,"column":8},"end":{"line":59,"column":35}},"12":{"start":{"line":61,"column":4},"end":{"line":325,"column":5}},"13":{"start":{"line":69,"column":8},"end":{"line":121,"column":10},"skip":true},"14":{"start":{"line":70,"column":12},"end":{"line":88,"column":13},"skip":true},"15":{"start":{"line":76,"column":16},"end":{"line":87,"column":19},"skip":true},"16":{"start":{"line":79,"column":20},"end":{"line":86,"column":21},"skip":true},"17":{"start":{"line":82,"column":24},"end":{"line":82,"column":43},"skip":true},"18":{"start":{"line":83,"column":24},"end":{"line":83,"column":30},"skip":true},"19":{"start":{"line":85,"column":24},"end":{"line":85,"column":49},"skip":true},"20":{"start":{"line":89,"column":12},"end":{"line":107,"column":13},"skip":true},"21":{"start":{"line":92,"column":16},"end":{"line":102,"column":17},"skip":true},"22":{"start":{"line":93,"column":20},"end":{"line":93,"column":86},"skip":true},"23":{"start":{"line":94,"column":20},"end":{"line":95,"column":45},"skip":true},"24":{"start":{"line":96,"column":20},"end":{"line":96,"column":42},"skip":true},"25":{"start":{"line":97,"column":20},"end":{"line":97,"column":48},"skip":true},"26":{"start":{"line":100,"column":20},"end":{"line":100,"column":85},"skip":true},"27":{"start":{"line":101,"column":20},"end":{"line":101,"column":96},"skip":true},"28":{"start":{"line":103,"column":16},"end":{"line":103,"column":22},"skip":true},"29":{"start":{"line":106,"column":16},"end":{"line":106,"column":22},"skip":true},"30":{"start":{"line":108,"column":12},"end":{"line":120,"column":13},"skip":true},"31":{"start":{"line":114,"column":16},"end":{"line":119,"column":17},"skip":true},"32":{"start":{"line":116,"column":20},"end":{"line":116,"column":78},"skip":true},"33":{"start":{"line":118,"column":20},"end":{"line":118,"column":47},"skip":true},"34":{"start":{"line":123,"column":8},"end":{"line":141,"column":11},"skip":true},"35":{"start":{"line":124,"column":12},"end":{"line":124,"column":54},"skip":true},"36":{"start":{"line":125,"column":12},"end":{"line":140,"column":14},"skip":true},"37":{"start":{"line":126,"column":16},"end":{"line":126,"column":28},"skip":true},"38":{"start":{"line":127,"column":16},"end":{"line":127,"column":69},"skip":true},"39":{"start":{"line":128,"column":16},"end":{"line":128,"column":75},"skip":true},"40":{"start":{"line":129,"column":16},"end":{"line":131,"column":17},"skip":true},"41":{"start":{"line":130,"column":20},"end":{"line":130,"column":27},"skip":true},"42":{"start":{"line":133,"column":16},"end":{"line":137,"column":36},"skip":true},"43":{"start":{"line":134,"column":20},"end":{"line":136,"column":55},"skip":true},"44":{"start":{"line":139,"column":16},"end":{"line":139,"column":57},"skip":true},"45":{"start":{"line":143,"column":8},"end":{"line":147,"column":11},"skip":true},"46":{"start":{"line":144,"column":12},"end":{"line":146,"column":15},"skip":true},"47":{"start":{"line":145,"column":16},"end":{"line":145,"column":70},"skip":true},"48":{"start":{"line":149,"column":8},"end":{"line":149,"column":31},"skip":true},"49":{"start":{"line":150,"column":8},"end":{"line":150,"column":14},"skip":true},"50":{"start":{"line":158,"column":8},"end":{"line":158,"column":31},"skip":true},"51":{"start":{"line":160,"column":8},"end":{"line":160,"column":33},"skip":true},"52":{"start":{"line":161,"column":8},"end":{"line":161,"column":37},"skip":true},"53":{"start":{"line":162,"column":8},"end":{"line":162,"column":35},"skip":true},"54":{"start":{"line":164,"column":8},"end":{"line":164,"column":50},"skip":true},"55":{"start":{"line":166,"column":8},"end":{"line":256,"column":2},"skip":true},"56":{"start":{"line":258,"column":8},"end":{"line":286,"column":9},"skip":true},"57":{"start":{"line":259,"column":12},"end":{"line":269,"column":14},"skip":true},"58":{"start":{"line":271,"column":12},"end":{"line":285,"column":19},"skip":true},"59":{"start":{"line":274,"column":20},"end":{"line":274,"column":35},"skip":true},"60":{"start":{"line":275,"column":20},"end":{"line":284,"column":21},"skip":true},"61":{"start":{"line":277,"column":24},"end":{"line":277,"column":64},"skip":true},"62":{"start":{"line":279,"column":24},"end":{"line":279,"column":40},"skip":true},"63":{"start":{"line":281,"column":24},"end":{"line":281,"column":40},"skip":true},"64":{"start":{"line":283,"column":24},"end":{"line":283,"column":39},"skip":true},"65":{"start":{"line":288,"column":8},"end":{"line":290,"column":9},"skip":true},"66":{"start":{"line":289,"column":12},"end":{"line":289,"column":18},"skip":true},"67":{"start":{"line":291,"column":8},"end":{"line":293,"column":54},"skip":true},"68":{"start":{"line":296,"column":8},"end":{"line":301,"column":37},"skip":true},"69":{"start":{"line":303,"column":8},"end":{"line":303,"column":82},"skip":true},"70":{"start":{"line":306,"column":8},"end":{"line":308,"column":9},"skip":true},"71":{"start":{"line":307,"column":12},"end":{"line":307,"column":82},"skip":true},"72":{"start":{"line":310,"column":8},"end":{"line":312,"column":9},"skip":true},"73":{"start":{"line":311,"column":12},"end":{"line":311,"column":18},"skip":true},"74":{"start":{"line":313,"column":8},"end":{"line":313,"column":54},"skip":true},"75":{"start":{"line":314,"column":8},"end":{"line":314,"column":69},"skip":true},"76":{"start":{"line":315,"column":8},"end":{"line":323,"column":36},"skip":true},"77":{"start":{"line":316,"column":12},"end":{"line":316,"column":61},"skip":true},"78":{"start":{"line":317,"column":12},"end":{"line":320,"column":13},"skip":true},"79":{"start":{"line":318,"column":16},"end":{"line":318,"column":75},"skip":true},"80":{"start":{"line":319,"column":16},"end":{"line":319,"column":23},"skip":true},"81":{"start":{"line":321,"column":12},"end":{"line":321,"column":38},"skip":true},"82":{"start":{"line":322,"column":12},"end":{"line":322,"column":27},"skip":true},"83":{"start":{"line":324,"column":8},"end":{"line":324,"column":14},"skip":true}},"branchMap":{"1":{"line":39,"type":"binary-expr","locations":[{"start":{"line":39,"column":23},"end":{"line":39,"column":62}},{"start":{"line":40,"column":20},"end":{"line":40,"column":70}},{"start":{"line":41,"column":20},"end":{"line":41,"column":71}},{"start":{"line":42,"column":20},"end":{"line":42,"column":29}}]},"2":{"line":44,"type":"binary-expr","locations":[{"start":{"line":44,"column":23},"end":{"line":44,"column":37}},{"start":{"line":45,"column":20},"end":{"line":45,"column":61}},{"start":{"line":46,"column":20},"end":{"line":46,"column":70}},{"start":{"line":47,"column":20},"end":{"line":47,"column":26}}]},"3":{"line":51,"type":"cond-expr","locations":[{"start":{"line":52,"column":14},"end":{"line":52,"column":20}},{"start":{"line":53,"column":14},"end":{"line":53,"column":20}}]},"4":{"line":55,"type":"binary-expr","locations":[{"start":{"line":55,"column":16},"end":{"line":55,"column":44}},{"start":{"line":55,"column":49},"end":{"line":57,"column":43}}]},"5":{"line":55,"type":"cond-expr","locations":[{"start":{"line":56,"column":14},"end":{"line":56,"column":53}},{"start":{"line":57,"column":14},"end":{"line":57,"column":43}}]},"6":{"line":61,"type":"switch","locations":[{"start":{"line":68,"column":4},"end":{"line":150,"column":14},"skip":true},{"start":{"line":156,"column":4},"end":{"line":324,"column":14},"skip":true}]},"7":{"line":70,"type":"if","locations":[{"start":{"line":70,"column":12},"end":{"line":70,"column":12},"skip":true},{"start":{"line":70,"column":12},"end":{"line":70,"column":12},"skip":true}]},"8":{"line":70,"type":"binary-expr","locations":[{"start":{"line":70,"column":16},"end":{"line":70,"column":22},"skip":true},{"start":{"line":70,"column":27},"end":{"line":70,"column":32},"skip":true},{"start":{"line":71,"column":20},"end":{"line":71,"column":39},"skip":true},{"start":{"line":72,"column":20},"end":{"line":72,"column":49},"skip":true},{"start":{"line":73,"column":20},"end":{"line":73,"column":58},"skip":true},{"start":{"line":74,"column":20},"end":{"line":74,"column":69},"skip":true}]},"9":{"line":79,"type":"switch","locations":[{"start":{"line":80,"column":20},"end":{"line":80,"column":33},"skip":true},{"start":{"line":81,"column":20},"end":{"line":83,"column":30},"skip":true},{"start":{"line":84,"column":20},"end":{"line":85,"column":49},"skip":true}]},"10":{"line":89,"type":"switch","locations":[{"start":{"line":90,"column":12},"end":{"line":103,"column":22},"skip":true},{"start":{"line":105,"column":12},"end":{"line":106,"column":22},"skip":true}]},"11":{"line":89,"type":"binary-expr","locations":[{"start":{"line":89,"column":20},"end":{"line":89,"column":25},"skip":true},{"start":{"line":89,"column":29},"end":{"line":89,"column":48},"skip":true},{"start":{"line":89,"column":52},"end":{"line":89,"column":74},"skip":true}]},"12":{"line":92,"type":"if","locations":[{"start":{"line":92,"column":16},"end":{"line":92,"column":16},"skip":true},{"start":{"line":92,"column":16},"end":{"line":92,"column":16},"skip":true}]},"13":{"line":108,"type":"if","locations":[{"start":{"line":108,"column":12},"end":{"line":108,"column":12},"skip":true},{"start":{"line":108,"column":12},"end":{"line":108,"column":12},"skip":true}]},"14":{"line":108,"type":"binary-expr","locations":[{"start":{"line":108,"column":16},"end":{"line":108,"column":61},"skip":true},{"start":{"line":108,"column":66},"end":{"line":108,"column":72},"skip":true},{"start":{"line":108,"column":77},"end":{"line":108,"column":82},"skip":true},{"start":{"line":109,"column":20},"end":{"line":109,"column":39},"skip":true},{"start":{"line":110,"column":20},"end":{"line":110,"column":49},"skip":true},{"start":{"line":111,"column":20},"end":{"line":111,"column":58},"skip":true},{"start":{"line":112,"column":20},"end":{"line":112,"column":68},"skip":true}]},"15":{"line":129,"type":"if","locations":[{"start":{"line":129,"column":16},"end":{"line":129,"column":16},"skip":true},{"start":{"line":129,"column":16},"end":{"line":129,"column":16},"skip":true}]},"16":{"line":134,"type":"cond-expr","locations":[{"start":{"line":135,"column":26},"end":{"line":135,"column":29},"skip":true},{"start":{"line":136,"column":26},"end":{"line":136,"column":54},"skip":true}]},"17":{"line":164,"type":"binary-expr","locations":[{"start":{"line":164,"column":27},"end":{"line":164,"column":43},"skip":true},{"start":{"line":164,"column":47},"end":{"line":164,"column":49},"skip":true}]},"18":{"line":258,"type":"if","locations":[{"start":{"line":258,"column":8},"end":{"line":258,"column":8},"skip":true},{"start":{"line":258,"column":8},"end":{"line":258,"column":8},"skip":true}]},"19":{"line":275,"type":"switch","locations":[{"start":{"line":276,"column":20},"end":{"line":277,"column":64},"skip":true},{"start":{"line":278,"column":20},"end":{"line":279,"column":40},"skip":true},{"start":{"line":280,"column":20},"end":{"line":281,"column":40},"skip":true},{"start":{"line":282,"column":20},"end":{"line":283,"column":39},"skip":true}]},"20":{"line":288,"type":"if","locations":[{"start":{"line":288,"column":8},"end":{"line":288,"column":8},"skip":true},{"start":{"line":288,"column":8},"end":{"line":288,"column":8},"skip":true}]},"21":{"line":288,"type":"binary-expr","locations":[{"start":{"line":288,"column":12},"end":{"line":288,"column":40},"skip":true},{"start":{"line":288,"column":44},"end":{"line":288,"column":67},"skip":true}]},"22":{"line":292,"type":"binary-expr","locations":[{"start":{"line":292,"column":12},"end":{"line":292,"column":50},"skip":true},{"start":{"line":293,"column":12},"end":{"line":293,"column":53},"skip":true}]},"23":{"line":297,"type":"binary-expr","locations":[{"start":{"line":297,"column":12},"end":{"line":297,"column":67},"skip":true},{"start":{"line":298,"column":12},"end":{"line":301,"column":36},"skip":true}]},"24":{"line":303,"type":"binary-expr","locations":[{"start":{"line":303,"column":43},"end":{"line":303,"column":75},"skip":true},{"start":{"line":303,"column":79},"end":{"line":303,"column":81},"skip":true}]},"25":{"line":306,"type":"if","locations":[{"start":{"line":306,"column":8},"end":{"line":306,"column":8},"skip":true},{"start":{"line":306,"column":8},"end":{"line":306,"column":8},"skip":true}]},"26":{"line":310,"type":"if","locations":[{"start":{"line":310,"column":8},"end":{"line":310,"column":8},"skip":true},{"start":{"line":310,"column":8},"end":{"line":310,"column":8},"skip":true}]},"27":{"line":313,"type":"binary-expr","locations":[{"start":{"line":313,"column":27},"end":{"line":313,"column":43},"skip":true},{"start":{"line":313,"column":47},"end":{"line":313,"column":53},"skip":true}]},"28":{"line":317,"type":"if","locations":[{"start":{"line":317,"column":12},"end":{"line":317,"column":12},"skip":true},{"start":{"line":317,"column":12},"end":{"line":317,"column":12},"skip":true}]}},"code":["/*","example.js","","quickstart example","","instruction","    1. save this script as example.js","    2. run the shell command:","        $ npm install npmtest-slackbots && PORT=8081 node example.js","    3. play with the browser-demo on http://127.0.0.1:8081","*/","","","","/* istanbul instrument in package npmtest_slackbots */","/*jslint","    bitwise: true,","    browser: true,","    maxerr: 8,","    maxlen: 96,","    node: true,","    nomen: true,","    regexp: true,","    stupid: true","*/","(function () {","    'use strict';","    var local;","","","","    // run shared js-env code - pre-init","    (function () {","        // init local","        local = {};","        // init modeJs","        local.modeJs = (function () {","            try {","                return typeof navigator.userAgent === 'string' &&","                    typeof document.querySelector('body') === 'object' &&","                    typeof XMLHttpRequest.prototype.open === 'function' &&","                    'browser';","            } catch (errorCaughtBrowser) {","                return module.exports &&","                    typeof process.versions.node === 'string' &&","                    typeof require('http').createServer === 'function' &&","                    'node';","            }","        }());","        // init global","        local.global = local.modeJs === 'browser'","            ? window","            : global;","        // init utility2_rollup","        local = local.global.utility2_rollup || (local.modeJs === 'browser'","            ? local.global.utility2_npmtest_slackbots","            : global.utility2_moduleExports);","        // export local","        local.global.local = local;","    }());","    switch (local.modeJs) {","","","","    // post-init","    // run browser js-env code - post-init","    /* istanbul ignore next */","    case 'browser':","        local.testRunBrowser = function (event) {","            if (!event || (event &&","                    event.currentTarget &&","                    event.currentTarget.className &&","                    event.currentTarget.className.includes &&","                    event.currentTarget.className.includes('onreset'))) {","                // reset output","                Array.from(","                    document.querySelectorAll('body > .resettable')","                ).forEach(function (element) {","                    switch (element.tagName) {","                    case 'INPUT':","                    case 'TEXTAREA':","                        element.value = '';","                        break;","                    default:","                        element.textContent = '';","                    }","                });","            }","            switch (event && event.currentTarget && event.currentTarget.id) {","            case 'testRunButton1':","                // show tests","                if (document.querySelector('#testReportDiv1').style.display === 'none') {","                    document.querySelector('#testReportDiv1').style.display = 'block';","                    document.querySelector('#testRunButton1').textContent =","                        'hide internal test';","                    local.modeTest = true;","                    local.testRunDefault(local);","                // hide tests","                } else {","                    document.querySelector('#testReportDiv1').style.display = 'none';","                    document.querySelector('#testRunButton1').textContent = 'run internal test';","                }","                break;","            // custom-case","            default:","                break;","            }","            if (document.querySelector('#inputTextareaEval1') && (!event || (event &&","                    event.currentTarget &&","                    event.currentTarget.className &&","                    event.currentTarget.className.includes &&","                    event.currentTarget.className.includes('oneval')))) {","                // try to eval input-code","                try {","                    /*jslint evil: true*/","                    eval(document.querySelector('#inputTextareaEval1').value);","                } catch (errorCaught) {","                    console.error(errorCaught);","                }","            }","        };","        // log stderr and stdout to #outputTextareaStdout1","        ['error', 'log'].forEach(function (key) {","            console[key + '_original'] = console[key];","            console[key] = function () {","                var element;","                console[key + '_original'].apply(console, arguments);","                element = document.querySelector('#outputTextareaStdout1');","                if (!element) {","                    return;","                }","                // append text to #outputTextareaStdout1","                element.value += Array.from(arguments).map(function (arg) {","                    return typeof arg === 'string'","                        ? arg","                        : JSON.stringify(arg, null, 4);","                }).join(' ') + '\\n';","                // scroll textarea to bottom","                element.scrollTop = element.scrollHeight;","            };","        });","        // init event-handling","        ['change', 'click', 'keyup'].forEach(function (event) {","            Array.from(document.querySelectorAll('.on' + event)).forEach(function (element) {","                element.addEventListener(event, local.testRunBrowser);","            });","        });","        // run tests","        local.testRunBrowser();","        break;","","","","    // run node js-env code - post-init","    /* istanbul ignore next */","    case 'node':","        // export local","        module.exports = local;","        // require modules","        local.fs = require('fs');","        local.http = require('http');","        local.url = require('url');","        // init assets","        local.assetsDict = local.assetsDict || {};","        /* jslint-ignore-begin */","        local.assetsDict['/assets.index.template.html'] = '\\","<!doctype html>\\n\\","<html lang=\"en\">\\n\\","<head>\\n\\","<meta charset=\"UTF-8\">\\n\\","<meta name=\"viewport\" content=\"width=device-width, initial-scale=1\">\\n\\","<title>{{env.npm_package_name}} (v{{env.npm_package_version}})</title>\\n\\","<style>\\n\\","/*csslint\\n\\","    box-sizing: false,\\n\\","    universal-selector: false\\n\\","*/\\n\\","* {\\n\\","    box-sizing: border-box;\\n\\","}\\n\\","body {\\n\\","    background: #dde;\\n\\","    font-family: Arial, Helvetica, sans-serif;\\n\\","    margin: 2rem;\\n\\","}\\n\\","body > * {\\n\\","    margin-bottom: 1rem;\\n\\","}\\n\\",".utility2FooterDiv {\\n\\","    margin-top: 20px;\\n\\","    text-align: center;\\n\\","}\\n\\","</style>\\n\\","<style>\\n\\","/*csslint\\n\\","*/\\n\\","textarea {\\n\\","    font-family: monospace;\\n\\","    height: 10rem;\\n\\","    width: 100%;\\n\\","}\\n\\","textarea[readonly] {\\n\\","    background: #ddd;\\n\\","}\\n\\","</style>\\n\\","</head>\\n\\","<body>\\n\\","<!-- utility2-comment\\n\\","<div id=\"ajaxProgressDiv1\" style=\"background: #d00; height: 2px; left: 0; margin: 0; padding: 0; position: fixed; top: 0; transition: background 0.5s, width 1.5s; width: 25%;\"></div>\\n\\","utility2-comment -->\\n\\","<h1>\\n\\","<!-- utility2-comment\\n\\","    <a\\n\\","        {{#if env.npm_package_homepage}}\\n\\","        href=\"{{env.npm_package_homepage}}\"\\n\\","        {{/if env.npm_package_homepage}}\\n\\","        target=\"_blank\"\\n\\","    >\\n\\","utility2-comment -->\\n\\","        {{env.npm_package_name}} (v{{env.npm_package_version}})\\n\\","<!-- utility2-comment\\n\\","    </a>\\n\\","utility2-comment -->\\n\\","</h1>\\n\\","<h3>{{env.npm_package_description}}</h3>\\n\\","<!-- utility2-comment\\n\\","<h4><a download href=\"assets.app.js\">download standalone app</a></h4>\\n\\","<button class=\"onclick onreset\" id=\"testRunButton1\">run internal test</button><br>\\n\\","<div id=\"testReportDiv1\" style=\"display: none;\"></div>\\n\\","utility2-comment -->\\n\\","\\n\\","\\n\\","\\n\\","<label>stderr and stdout</label>\\n\\","<textarea class=\"resettable\" id=\"outputTextareaStdout1\" readonly></textarea>\\n\\","<!-- utility2-comment\\n\\","{{#if isRollup}}\\n\\","<script src=\"assets.app.js\"></script>\\n\\","{{#unless isRollup}}\\n\\","utility2-comment -->\\n\\","<script src=\"assets.utility2.rollup.js\"></script>\\n\\","<script src=\"jsonp.utility2._stateInit?callback=window.utility2._stateInit\"></script>\\n\\","<script src=\"assets.npmtest_slackbots.rollup.js\"></script>\\n\\","<script src=\"assets.example.js\"></script>\\n\\","<script src=\"assets.test.js\"></script>\\n\\","<!-- utility2-comment\\n\\","{{/if isRollup}}\\n\\","utility2-comment -->\\n\\","<div class=\"utility2FooterDiv\">\\n\\","    [ this app was created with\\n\\","    <a href=\"https://github.com/kaizhu256/node-utility2\" target=\"_blank\">utility2</a>\\n\\","    ]\\n\\","</div>\\n\\","</body>\\n\\","</html>\\n\\","';","        /* jslint-ignore-end */","        if (local.templateRender) {","            local.assetsDict['/'] = local.templateRender(","                local.assetsDict['/assets.index.template.html'],","                {","                    env: local.objectSetDefault(local.env, {","                        npm_package_description: 'the greatest app in the world!',","                        npm_package_name: 'my-app',","                        npm_package_nameAlias: 'my_app',","                        npm_package_version: '0.0.1'","                    })","                }","            );","        } else {","            local.assetsDict['/'] = local.assetsDict['/assets.index.template.html']","                .replace((/\\{\\{env\\.(\\w+?)\\}\\}/g), function (match0, match1) {","                    // jslint-hack","                    String(match0);","                    switch (match1) {","                    case 'npm_package_description':","                        return 'the greatest app in the world!';","                    case 'npm_package_name':","                        return 'my-app';","                    case 'npm_package_nameAlias':","                        return 'my_app';","                    case 'npm_package_version':","                        return '0.0.1';","                    }","                });","        }","        // run the cli","        if (local.global.utility2_rollup || module !== require.main) {","            break;","        }","        local.assetsDict['/assets.example.js'] =","            local.assetsDict['/assets.example.js'] ||","            local.fs.readFileSync(__filename, 'utf8');","        // bug-workaround - long $npm_package_buildCustomOrg","        /* jslint-ignore-begin */","        local.assetsDict['/assets.npmtest_slackbots.rollup.js'] =","            local.assetsDict['/assets.npmtest_slackbots.rollup.js'] ||","            local.fs.readFileSync(","                local.npmtest_slackbots.__dirname + '/lib.npmtest_slackbots.js',","                'utf8'","            ).replace((/^#!/), '//');","        /* jslint-ignore-end */","        local.assetsDict['/favicon.ico'] = local.assetsDict['/favicon.ico'] || '';","        // if $npm_config_timeout_exit exists,","        // then exit this process after $npm_config_timeout_exit ms","        if (Number(process.env.npm_config_timeout_exit)) {","            setTimeout(process.exit, Number(process.env.npm_config_timeout_exit));","        }","        // start server","        if (local.global.utility2_serverHttp1) {","            break;","        }","        process.env.PORT = process.env.PORT || '8081';","        console.error('server starting on port ' + process.env.PORT);","        local.http.createServer(function (request, response) {","            request.urlParsed = local.url.parse(request.url);","            if (local.assetsDict[request.urlParsed.pathname] !== undefined) {","                response.end(local.assetsDict[request.urlParsed.pathname]);","                return;","            }","            response.statusCode = 404;","            response.end();","        }).listen(process.env.PORT);","        break;","    }","}());",""],"l":{"26":2,"28":2,"33":2,"35":2,"37":2,"38":2,"39":2,"44":1,"51":2,"55":2,"59":2,"61":2,"69":1,"70":2,"76":2,"79":2,"82":2,"83":2,"85":1,"89":2,"92":1,"93":1,"94":1,"96":1,"97":1,"100":1,"101":1,"103":1,"106":1,"108":2,"114":1,"116":1,"118":1,"123":1,"124":2,"125":2,"126":3,"127":3,"128":3,"129":3,"130":1,"133":3,"134":3,"139":3,"143":1,"144":3,"145":1,"149":1,"150":1,"158":1,"160":1,"161":1,"162":1,"164":1,"166":1,"258":1,"259":1,"271":1,"274":6,"275":6,"277":1,"279":2,"281":1,"283":2,"288":1,"289":1,"291":1,"296":1,"303":1,"306":1,"307":1,"310":1,"311":1,"313":1,"314":1,"315":1,"316":1,"317":1,"318":1,"319":1,"321":1,"322":1,"324":1}},"/home/travis/build/npmtest/node-npmtest-slackbots/node_modules/slackbots/index.js":{"path":"/home/travis/build/npmtest/node-npmtest-slackbots/node_modules/slackbots/index.js","s":{"1":1,"2":1,"3":1,"4":1,"5":1,"6":1,"7":0,"8":0,"9":0,"10":0,"11":0,"12":0,"13":0,"14":0,"15":0,"16":0,"17":0,"18":0,"19":0,"20":0,"21":0,"22":0,"23":0,"24":0,"25":0,"26":0,"27":0,"28":0,"29":0,"30":0,"31":0,"32":0,"33":0,"34":0,"35":0,"36":0,"37":0,"38":0,"39":0,"40":0,"41":0,"42":0,"43":0,"44":0,"45":0,"46":0,"47":0,"48":0,"49":0,"50":0,"51":0,"52":0,"53":0,"54":0,"55":0,"56":0,"57":0,"58":0,"59":0,"60":0,"61":0,"62":0,"63":0,"64":0,"65":0,"66":0,"67":0,"68":0,"69":0,"70":0,"71":0,"72":0,"73":0,"74":0,"75":0,"76":0,"77":0,"78":0,"79":0,"80":0,"81":0,"82":0,"83":0,"84":0,"85":0,"86":0,"87":0,"88":0,"89":0,"90":0,"91":0,"92":0,"93":0,"94":0,"95":0,"96":0,"97":0,"98":0,"99":0,"100":0,"101":0,"102":0,"103":0,"104":0,"105":0,"106":0,"107":0,"108":0,"109":0,"110":0,"111":0,"112":0,"113":0,"114":0,"115":0,"116":0,"117":0,"118":0,"119":0,"120":1},"b":{"1":[0,0],"2":[0,0],"3":[0,0],"4":[0,0],"5":[0,0,0],"6":[0,0],"7":[0,0],"8":[0,0],"9":[0,0],"10":[0,0],"11":[0,0],"12":[0,0],"13":[0,0],"14":[0,0],"15":[0,0],"16":[0,0],"17":[0,0],"18":[0,0],"19":[0,0]},"f":{"1":0,"2":0,"3":0,"4":0,"5":0,"6":0,"7":0,"8":0,"9":0,"10":0,"11":0,"12":0,"13":0,"14":0,"15":0,"16":0,"17":0,"18":0,"19":0,"20":0,"21":0,"22":0,"23":0,"24":0,"25":0,"26":0,"27":0,"28":0,"29":0,"30":0,"31":0,"32":0,"33":0,"34":0,"35":0,"36":0,"37":0,"38":0,"39":0,"40":0,"41":0,"42":0,"43":0,"44":0,"45":0,"46":0,"47":0,"48":0},"fnMap":{"1":{"name":"(anonymous_1)","line":16,"loc":{"start":{"line":16,"column":16},"end":{"line":16,"column":25}}},"2":{"name":"(anonymous_2)","line":28,"loc":{"start":{"line":28,"column":10},"end":{"line":28,"column":13}}},"3":{"name":"(anonymous_3)","line":49,"loc":{"start":{"line":49,"column":12},"end":{"line":49,"column":15}}},"4":{"name":"(anonymous_4)","line":52,"loc":{"start":{"line":52,"column":28},"end":{"line":52,"column":43}}},"5":{"name":"(anonymous_5)","line":56,"loc":{"start":{"line":56,"column":29},"end":{"line":56,"column":44}}},"6":{"name":"(anonymous_6)","line":60,"loc":{"start":{"line":60,"column":31},"end":{"line":60,"column":46}}},"7":{"name":"(anonymous_7)","line":73,"loc":{"start":{"line":73,"column":16},"end":{"line":73,"column":19}}},"8":{"name":"(anonymous_8)","line":84,"loc":{"start":{"line":84,"column":13},"end":{"line":84,"column":16}}},"9":{"name":"(anonymous_9)","line":96,"loc":{"start":{"line":96,"column":13},"end":{"line":96,"column":16}}},"10":{"name":"(anonymous_10)","line":109,"loc":{"start":{"line":109,"column":11},"end":{"line":109,"column":18}}},"11":{"name":"(anonymous_11)","line":110,"loc":{"start":{"line":110,"column":36},"end":{"line":110,"column":51}}},"12":{"name":"(anonymous_12)","line":123,"loc":{"start":{"line":123,"column":14},"end":{"line":123,"column":21}}},"13":{"name":"(anonymous_13)","line":124,"loc":{"start":{"line":124,"column":39},"end":{"line":124,"column":54}}},"14":{"name":"(anonymous_14)","line":137,"loc":{"start":{"line":137,"column":12},"end":{"line":137,"column":19}}},"15":{"name":"(anonymous_15)","line":138,"loc":{"start":{"line":138,"column":37},"end":{"line":138,"column":52}}},"16":{"name":"(anonymous_16)","line":151,"loc":{"start":{"line":151,"column":15},"end":{"line":151,"column":20}}},"17":{"name":"(anonymous_17)","line":152,"loc":{"start":{"line":152,"column":36},"end":{"line":152,"column":51}}},"18":{"name":"(anonymous_18)","line":165,"loc":{"start":{"line":165,"column":18},"end":{"line":165,"column":23}}},"19":{"name":"(anonymous_19)","line":166,"loc":{"start":{"line":166,"column":39},"end":{"line":166,"column":54}}},"20":{"name":"(anonymous_20)","line":179,"loc":{"start":{"line":179,"column":16},"end":{"line":179,"column":21}}},"21":{"name":"(anonymous_21)","line":180,"loc":{"start":{"line":180,"column":37},"end":{"line":180,"column":52}}},"22":{"name":"(anonymous_22)","line":193,"loc":{"start":{"line":193,"column":16},"end":{"line":193,"column":23}}},"23":{"name":"(anonymous_23)","line":194,"loc":{"start":{"line":194,"column":42},"end":{"line":194,"column":60}}},"24":{"name":"(anonymous_24)","line":204,"loc":{"start":{"line":204,"column":14},"end":{"line":204,"column":21}}},"25":{"name":"(anonymous_25)","line":205,"loc":{"start":{"line":205,"column":40},"end":{"line":205,"column":56}}},"26":{"name":"(anonymous_26)","line":215,"loc":{"start":{"line":215,"column":13},"end":{"line":215,"column":20}}},"27":{"name":"(anonymous_27)","line":216,"loc":{"start":{"line":216,"column":39},"end":{"line":216,"column":54}}},"28":{"name":"(anonymous_28)","line":226,"loc":{"start":{"line":226,"column":18},"end":{"line":226,"column":26}}},"29":{"name":"(anonymous_29)","line":227,"loc":{"start":{"line":227,"column":36},"end":{"line":227,"column":51}}},"30":{"name":"(anonymous_30)","line":237,"loc":{"start":{"line":237,"column":13},"end":{"line":237,"column":20}}},"31":{"name":"(anonymous_31)","line":238,"loc":{"start":{"line":238,"column":39},"end":{"line":238,"column":54}}},"32":{"name":"(anonymous_32)","line":243,"loc":{"start":{"line":243,"column":27},"end":{"line":243,"column":42}}},"33":{"name":"(anonymous_33)","line":253,"loc":{"start":{"line":253,"column":10},"end":{"line":253,"column":19}}},"34":{"name":"(anonymous_34)","line":264,"loc":{"start":{"line":264,"column":15},"end":{"line":264,"column":34}}},"35":{"name":"(anonymous_35)","line":282,"loc":{"start":{"line":282,"column":17},"end":{"line":282,"column":40}}},"36":{"name":"(anonymous_36)","line":301,"loc":{"start":{"line":301,"column":21},"end":{"line":301,"column":46}}},"37":{"name":"(anonymous_37)","line":313,"loc":{"start":{"line":313,"column":24},"end":{"line":313,"column":49}}},"38":{"name":"(anonymous_38)","line":325,"loc":{"start":{"line":325,"column":22},"end":{"line":325,"column":47}}},"39":{"name":"(anonymous_39)","line":339,"loc":{"start":{"line":339,"column":9},"end":{"line":339,"column":40}}},"40":{"name":"(anonymous_40)","line":352,"loc":{"start":{"line":352,"column":39},"end":{"line":352,"column":56}}},"41":{"name":"(anonymous_41)","line":354,"loc":{"start":{"line":354,"column":29},"end":{"line":354,"column":44}}},"42":{"name":"(anonymous_42)","line":369,"loc":{"start":{"line":369,"column":10},"end":{"line":369,"column":35}}},"43":{"name":"(anonymous_43)","line":370,"loc":{"start":{"line":370,"column":85},"end":{"line":370,"column":100}}},"44":{"name":"(anonymous_44)","line":393,"loc":{"start":{"line":393,"column":21},"end":{"line":393,"column":30}}},"45":{"name":"(anonymous_45)","line":396,"loc":{"start":{"line":396,"column":36},"end":{"line":396,"column":51}}},"46":{"name":"(anonymous_46)","line":414,"loc":{"start":{"line":414,"column":8},"end":{"line":414,"column":29}}},"47":{"name":"(anonymous_47)","line":421,"loc":{"start":{"line":421,"column":31},"end":{"line":421,"column":57}}},"48":{"name":"(anonymous_48)","line":423,"loc":{"start":{"line":423,"column":31},"end":{"line":423,"column":60}}}},"statementMap":{"1":{"start":{"line":3,"column":0},"end":{"line":3,"column":26}},"2":{"start":{"line":4,"column":0},"end":{"line":4,"column":33}},"3":{"start":{"line":5,"column":0},"end":{"line":5,"column":25}},"4":{"start":{"line":6,"column":0},"end":{"line":6,"column":31}},"5":{"start":{"line":7,"column":0},"end":{"line":7,"column":30}},"6":{"start":{"line":8,"column":0},"end":{"line":8,"column":50}},"7":{"start":{"line":17,"column":9},"end":{"line":17,"column":23}},"8":{"start":{"line":18,"column":9},"end":{"line":18,"column":35}},"9":{"start":{"line":19,"column":9},"end":{"line":19,"column":33}},"10":{"start":{"line":21,"column":9},"end":{"line":21,"column":63}},"11":{"start":{"line":22,"column":9},"end":{"line":22,"column":22}},"12":{"start":{"line":29,"column":9},"end":{"line":43,"column":19}},"13":{"start":{"line":30,"column":13},"end":{"line":30,"column":35}},"14":{"start":{"line":31,"column":13},"end":{"line":31,"column":35}},"15":{"start":{"line":32,"column":13},"end":{"line":32,"column":35}},"16":{"start":{"line":33,"column":13},"end":{"line":33,"column":43}},"17":{"start":{"line":34,"column":13},"end":{"line":34,"column":37}},"18":{"start":{"line":35,"column":13},"end":{"line":35,"column":33}},"19":{"start":{"line":36,"column":13},"end":{"line":36,"column":39}},"20":{"start":{"line":38,"column":13},"end":{"line":38,"column":32}},"21":{"start":{"line":40,"column":13},"end":{"line":40,"column":28}},"22":{"start":{"line":42,"column":13},"end":{"line":42,"column":75}},"23":{"start":{"line":50,"column":9},"end":{"line":50,"column":45}},"24":{"start":{"line":52,"column":9},"end":{"line":54,"column":23}},"25":{"start":{"line":53,"column":13},"end":{"line":53,"column":37}},"26":{"start":{"line":56,"column":9},"end":{"line":58,"column":23}},"27":{"start":{"line":57,"column":13},"end":{"line":57,"column":38}},"28":{"start":{"line":60,"column":9},"end":{"line":66,"column":23}},"29":{"start":{"line":61,"column":13},"end":{"line":65,"column":14}},"30":{"start":{"line":62,"column":17},"end":{"line":62,"column":56}},"31":{"start":{"line":64,"column":17},"end":{"line":64,"column":32}},"32":{"start":{"line":74,"column":9},"end":{"line":76,"column":10}},"33":{"start":{"line":75,"column":13},"end":{"line":75,"column":61}},"34":{"start":{"line":77,"column":9},"end":{"line":77,"column":43}},"35":{"start":{"line":85,"column":10},"end":{"line":87,"column":11}},"36":{"start":{"line":86,"column":14},"end":{"line":86,"column":58}},"37":{"start":{"line":89,"column":10},"end":{"line":89,"column":41}},"38":{"start":{"line":97,"column":8},"end":{"line":99,"column":9}},"39":{"start":{"line":98,"column":12},"end":{"line":98,"column":56}},"40":{"start":{"line":101,"column":8},"end":{"line":101,"column":40}},"41":{"start":{"line":110,"column":8},"end":{"line":115,"column":11}},"42":{"start":{"line":111,"column":12},"end":{"line":111,"column":59}},"43":{"start":{"line":113,"column":12},"end":{"line":113,"column":50}},"44":{"start":{"line":114,"column":12},"end":{"line":114,"column":23}},"45":{"start":{"line":124,"column":8},"end":{"line":129,"column":11}},"46":{"start":{"line":125,"column":12},"end":{"line":125,"column":60}},"47":{"start":{"line":127,"column":12},"end":{"line":127,"column":53}},"48":{"start":{"line":128,"column":12},"end":{"line":128,"column":23}},"49":{"start":{"line":138,"column":8},"end":{"line":143,"column":11}},"50":{"start":{"line":139,"column":12},"end":{"line":139,"column":58}},"51":{"start":{"line":141,"column":12},"end":{"line":141,"column":51}},"52":{"start":{"line":142,"column":12},"end":{"line":142,"column":23}},"53":{"start":{"line":152,"column":8},"end":{"line":157,"column":11}},"54":{"start":{"line":153,"column":12},"end":{"line":153,"column":55}},"55":{"start":{"line":155,"column":12},"end":{"line":155,"column":50}},"56":{"start":{"line":156,"column":12},"end":{"line":156,"column":23}},"57":{"start":{"line":166,"column":8},"end":{"line":171,"column":11}},"58":{"start":{"line":167,"column":12},"end":{"line":167,"column":56}},"59":{"start":{"line":169,"column":12},"end":{"line":169,"column":53}},"60":{"start":{"line":170,"column":12},"end":{"line":170,"column":23}},"61":{"start":{"line":180,"column":8},"end":{"line":185,"column":11}},"62":{"start":{"line":181,"column":12},"end":{"line":181,"column":54}},"63":{"start":{"line":183,"column":12},"end":{"line":183,"column":51}},"64":{"start":{"line":184,"column":12},"end":{"line":184,"column":23}},"65":{"start":{"line":194,"column":8},"end":{"line":196,"column":11}},"66":{"start":{"line":195,"column":12},"end":{"line":195,"column":30}},"67":{"start":{"line":205,"column":8},"end":{"line":207,"column":11}},"68":{"start":{"line":206,"column":12},"end":{"line":206,"column":28}},"69":{"start":{"line":216,"column":8},"end":{"line":218,"column":11}},"70":{"start":{"line":217,"column":11},"end":{"line":217,"column":26}},"71":{"start":{"line":227,"column":8},"end":{"line":229,"column":11}},"72":{"start":{"line":228,"column":12},"end":{"line":228,"column":71}},"73":{"start":{"line":238,"column":8},"end":{"line":245,"column":11}},"74":{"start":{"line":240,"column":12},"end":{"line":240,"column":61}},"75":{"start":{"line":242,"column":12},"end":{"line":242,"column":65}},"76":{"start":{"line":244,"column":12},"end":{"line":244,"column":69}},"77":{"start":{"line":254,"column":8},"end":{"line":254,"column":52}},"78":{"start":{"line":265,"column":8},"end":{"line":269,"column":25}},"79":{"start":{"line":271,"column":8},"end":{"line":271,"column":53}},"80":{"start":{"line":283,"column":8},"end":{"line":288,"column":25}},"81":{"start":{"line":290,"column":8},"end":{"line":290,"column":48}},"82":{"start":{"line":302,"column":8},"end":{"line":302,"column":97}},"83":{"start":{"line":314,"column":8},"end":{"line":314,"column":61}},"84":{"start":{"line":326,"column":8},"end":{"line":326,"column":59}},"85":{"start":{"line":340,"column":8},"end":{"line":345,"column":17}},"86":{"start":{"line":347,"column":8},"end":{"line":350,"column":9}},"87":{"start":{"line":348,"column":12},"end":{"line":348,"column":24}},"88":{"start":{"line":349,"column":12},"end":{"line":349,"column":26}},"89":{"start":{"line":352,"column":8},"end":{"line":358,"column":11}},"90":{"start":{"line":353,"column":12},"end":{"line":353,"column":58}},"91":{"start":{"line":355,"column":12},"end":{"line":357,"column":13}},"92":{"start":{"line":356,"column":16},"end":{"line":356,"column":32}},"93":{"start":{"line":370,"column":8},"end":{"line":384,"column":22}},"94":{"start":{"line":372,"column":12},"end":{"line":372,"column":83}},"95":{"start":{"line":373,"column":12},"end":{"line":373,"column":51}},"96":{"start":{"line":375,"column":12},"end":{"line":375,"column":49}},"97":{"start":{"line":377,"column":12},"end":{"line":383,"column":13}},"98":{"start":{"line":378,"column":16},"end":{"line":378,"column":73}},"99":{"start":{"line":379,"column":19},"end":{"line":383,"column":13}},"100":{"start":{"line":380,"column":16},"end":{"line":380,"column":71}},"101":{"start":{"line":382,"column":16},"end":{"line":382,"column":70}},"102":{"start":{"line":394,"column":8},"end":{"line":394,"column":59}},"103":{"start":{"line":396,"column":8},"end":{"line":402,"column":11}},"104":{"start":{"line":397,"column":12},"end":{"line":397,"column":37}},"105":{"start":{"line":399,"column":12},"end":{"line":401,"column":13}},"106":{"start":{"line":400,"column":16},"end":{"line":400,"column":53}},"107":{"start":{"line":404,"column":8},"end":{"line":404,"column":22}},"108":{"start":{"line":416,"column":8},"end":{"line":419,"column":10}},"109":{"start":{"line":421,"column":8},"end":{"line":445,"column":11}},"110":{"start":{"line":423,"column":12},"end":{"line":444,"column":15}},"111":{"start":{"line":424,"column":16},"end":{"line":428,"column":17}},"112":{"start":{"line":425,"column":20},"end":{"line":425,"column":32}},"113":{"start":{"line":427,"column":20},"end":{"line":427,"column":33}},"114":{"start":{"line":430,"column":16},"end":{"line":443,"column":17}},"115":{"start":{"line":431,"column":20},"end":{"line":431,"column":44}},"116":{"start":{"line":435,"column":20},"end":{"line":439,"column":21}},"117":{"start":{"line":436,"column":24},"end":{"line":436,"column":38}},"118":{"start":{"line":438,"column":24},"end":{"line":438,"column":37}},"119":{"start":{"line":442,"column":20},"end":{"line":442,"column":30}},"120":{"start":{"line":449,"column":0},"end":{"line":449,"column":21}}},"branchMap":{"1":{"line":42,"type":"cond-expr","locations":[{"start":{"line":42,"column":55},"end":{"line":42,"column":65}},{"start":{"line":42,"column":68},"end":{"line":42,"column":72}}]},"2":{"line":74,"type":"if","locations":[{"start":{"line":74,"column":9},"end":{"line":74,"column":9}},{"start":{"line":74,"column":9},"end":{"line":74,"column":9}}]},"3":{"line":85,"type":"if","locations":[{"start":{"line":85,"column":10},"end":{"line":85,"column":10}},{"start":{"line":85,"column":10},"end":{"line":85,"column":10}}]},"4":{"line":97,"type":"if","locations":[{"start":{"line":97,"column":8},"end":{"line":97,"column":8}},{"start":{"line":97,"column":8},"end":{"line":97,"column":8}}]},"5":{"line":242,"type":"binary-expr","locations":[{"start":{"line":242,"column":20},"end":{"line":242,"column":26}},{"start":{"line":242,"column":30},"end":{"line":242,"column":39}},{"start":{"line":242,"column":44},"end":{"line":242,"column":64}}]},"6":{"line":244,"type":"cond-expr","locations":[{"start":{"line":244,"column":46},"end":{"line":244,"column":50}},{"start":{"line":244,"column":53},"end":{"line":244,"column":68}}]},"7":{"line":269,"type":"binary-expr","locations":[{"start":{"line":269,"column":11},"end":{"line":269,"column":17}},{"start":{"line":269,"column":21},"end":{"line":269,"column":23}}]},"8":{"line":288,"type":"binary-expr","locations":[{"start":{"line":288,"column":11},"end":{"line":288,"column":17}},{"start":{"line":288,"column":21},"end":{"line":288,"column":23}}]},"9":{"line":302,"type":"cond-expr","locations":[{"start":{"line":302,"column":52},"end":{"line":302,"column":62}},{"start":{"line":302,"column":65},"end":{"line":302,"column":71}}]},"10":{"line":302,"type":"binary-expr","locations":[{"start":{"line":302,"column":27},"end":{"line":302,"column":33}},{"start":{"line":302,"column":37},"end":{"line":302,"column":39}}]},"11":{"line":347,"type":"if","locations":[{"start":{"line":347,"column":8},"end":{"line":347,"column":8}},{"start":{"line":347,"column":8},"end":{"line":347,"column":8}}]},"12":{"line":355,"type":"if","locations":[{"start":{"line":355,"column":12},"end":{"line":355,"column":12}},{"start":{"line":355,"column":12},"end":{"line":355,"column":12}}]},"13":{"line":377,"type":"if","locations":[{"start":{"line":377,"column":12},"end":{"line":377,"column":12}},{"start":{"line":377,"column":12},"end":{"line":377,"column":12}}]},"14":{"line":379,"type":"if","locations":[{"start":{"line":379,"column":19},"end":{"line":379,"column":19}},{"start":{"line":379,"column":19},"end":{"line":379,"column":19}}]},"15":{"line":394,"type":"binary-expr","locations":[{"start":{"line":394,"column":24},"end":{"line":394,"column":30}},{"start":{"line":394,"column":34},"end":{"line":394,"column":36}}]},"16":{"line":399,"type":"if","locations":[{"start":{"line":399,"column":12},"end":{"line":399,"column":12}},{"start":{"line":399,"column":12},"end":{"line":399,"column":12}}]},"17":{"line":399,"type":"binary-expr","locations":[{"start":{"line":399,"column":16},"end":{"line":399,"column":21}},{"start":{"line":399,"column":25},"end":{"line":399,"column":50}}]},"18":{"line":424,"type":"if","locations":[{"start":{"line":424,"column":16},"end":{"line":424,"column":16}},{"start":{"line":424,"column":16},"end":{"line":424,"column":16}}]},"19":{"line":435,"type":"if","locations":[{"start":{"line":435,"column":20},"end":{"line":435,"column":20}},{"start":{"line":435,"column":20},"end":{"line":435,"column":20}}]}},"code":["'use strict';","","var _ = require('lodash');","var request = require('request');","var Vow = require('vow');","var extend = require('extend');","var WebSocket = require('ws');","var EventEmitter = require('events').EventEmitter;","","class Bot extends EventEmitter {","    /**","     * @param {object} params","     * @constructor","     */","","     constructor(params) {","         super(params);","         this.token = params.token;","         this.name = params.name;","","         console.assert(params.token, 'token must be defined');","         this.login();","     }","","    /**","     * Starts a Real Time Messaging API session","     */","     login() {","         this._api('rtm.start').then((data) => {","             this.wsUrl = data.url;","             this.self = data.self;","             this.team = data.team;","             this.channels = data.channels;","             this.users = data.users;","             this.ims = data.ims;","             this.groups = data.groups;","","             this.emit('start');","","             this.connect();","         }).fail((data) => {","             this.emit('error', new Error(data.error ? data.error : data));","         }).done();","    }","","    /**","     * Establish a WebSocket connection","     */","     connect() {","         this.ws = new WebSocket(this.wsUrl);","","         this.ws.on('open', function(data) {","             this.emit('open', data);","         }.bind(this));","","         this.ws.on('close', function(data) {","             this.emit('close', data);","         }.bind(this));","","         this.ws.on('message', function(data) {","             try {","                 this.emit('message', JSON.parse(data));","             } catch (e) {","                 console.log(e);","             }","         }.bind(this));","     }","","    /**","     * Get channels","     * @returns {vow.Promise}","     */","     getChannels() {","         if (this.channels) {","             return Vow.fulfill({ channels: this.channels });","         }","         return this._api('channels.list');","      }","","    /**","     * Get users","     * @returns {vow.Promise}","     */","     getUsers() {","          if (this.users) {","              return Vow.fulfill({ members: this.users });","          }","","          return this._api('users.list');","     }","","    /**","     * Get groups","     * @returns {vow.Promise}","     */","    getGroups() {","        if (this.groups) {","            return Vow.fulfill({ groups: this.groups });","        }","","        return this._api('groups.list');","    }","","    /**","     * Get user by name","     * @param {string} name","     * @returns {object}","     */","    getUser(name) {","        return this.getUsers().then(function(data) {","            var res = _.find(data.members, { name: name });","","            console.assert(res, 'user not found');","            return res;","        });","    }","","    /**","     * Get channel by name","     * @param {string} name","     * @returns {object}","     */","    getChannel(name) {","        return this.getChannels().then(function(data) {","            var res = _.find(data.channels, { name: name });","","            console.assert(res, 'channel not found');","            return res;","        });","    }","","    /**","     * Get group by name","     * @param {string} name","     * @returns {object}","     */","    getGroup(name) {","        return this.getGroups().then(function(data) {","            var res = _.find(data.groups, { name: name });","","            console.assert(res, 'group not found');","            return res;","        });","    }","","    /**","     * Get user by id","     * @param {string} id","     * @returns {object}","     */","    getUserById(id) {","        return this.getUsers().then(function(data) {","            var res = _.find(data.members, { id: id });","","            console.assert(res, 'user not found');","            return res;","        });","    }","","     /**","      * Get channel by id","      * @param {string} id","      * @returns {object}","      */","    getChannelById(id) {","        return this.getChannels().then(function(data) {","            var res = _.find(data.channels, { id: id });","","            console.assert(res, 'channel not found');","            return res;","        });","    }","","     /**","      * Get group by id","      * @param {string} id","      * @returns {object}","     */","    getGroupById(id) {","        return this.getGroups().then(function(data) {","            var res = _.find(data.groups, { id: id });","","            console.assert(res, 'group not found');","            return res;","        });","    }","","    /**","     * Get channel ID","     * @param {string} name","     * @returns {string}","     */","    getChannelId(name) {","        return this.getChannel(name).then(function(channel) {","            return channel.id;","        });","    }","","    /**","     * Get group ID","     * @param {string} name","     * @returns {string}","     */","    getGroupId(name) {","        return this.getGroup(name).then(function(group) {","            return group.id;","        });","    }","","    /**","     * Get user ID","     * @param {string} name","     * @returns {string}","     */","    getUserId(name) {","        return this.getUser(name).then(function(user) {","           return user.id;","        });","    }","","    /**","     * Get user by email","     * @param {string} email","     * @returns {object}","     */","    getUserByEmail(email) {","        return this.getUsers().then(function(data) {","            return _.find(data.members, { profile: { email: email } });","        });","    }","","    /**","     * Get \"direct message\" channel ID","     * @param {string} name","     * @returns {vow.Promise}","     */","    getChatId(name) {","        return this.getUser(name).then(function(data) {","","            var chatId = _.find(this.ims, { user: data.id });","","            return (chatId && chatId.id) || this.openIm(data.id);","        }.bind(this)).then(function(data) {","            return typeof data === 'string' ? data : data.channel.id;","        });","    }","","    /**","     * Opens a \"direct message\" channel with another member of your Slack team","     * @param {string} userId","     * @returns {vow.Promise}","     */","    openIm(userId) {","        return this._api('im.open', {user: userId});","    }","","    /**","     * Posts a message to a channel by ID","     * @param {string} id - channel ID","     * @param {string} text","     * @param {object} params","     * @returns {vow.Promise}","     */","    postMessage(id, text, params) {","        params = extend({","            text: text,","            channel: id,","            username: this.name","        }, params || {});","","        return this._api('chat.postMessage', params);","    }","","     /**","      * Updates a message by timestamp","      * @param {string} id - channel ID","      * @param {string} ts - timestamp","      * @param {string} text","      * @param {object} params","      * @returns {vow.Promise}","      */","    updateMessage(id, ts, text, params) {","        params = extend({","            ts: ts,","            channel: id,","            username: this.name,","            text: text","        }, params || {});","","        return this._api('chat.update', params);","    }","","    /**","     * Posts a message to user by name","     * @param {string} name","     * @param {string} text","     * @param {object} params","     * @param {function} cb","     * @returns {vow.Promise}","     */","    postMessageToUser(name, text, params, cb) {","        return this._post((params || {}).slackbot ? 'slackbot' : 'user', name, text, params, cb);","    }","","    /**","     * Posts a message to channel by name","     * @param {string} name","     * @param {string} text","     * @param {object} params","     * @param {function} cb","     * @returns {vow.Promise}","     */","    postMessageToChannel(name, text, params, cb) {","        return this._post('channel', name, text, params, cb);","    }","","    /**","     * Posts a message to group by name","     * @param {string} name","     * @param {string} text","     * @param {object} params","     * @param {function} cb","     * @returns {vow.Promise}","     */","    postMessageToGroup(name, text, params, cb) {","        return this._post('group', name, text, params, cb);","    }","","    /**","     * Common method for posting messages","     * @param {string} type","     * @param {string} name","     * @param {string} text","     * @param {object} params","     * @param {function} cb","     * @returns {vow.Promise}","     * @private","     */","    _post(type, name, text, params, cb) {","        var method = ({","            'group': 'getGroupId',","            'channel': 'getChannelId',","            'user': 'getChatId',","            'slackbot': 'getUserId'","        })[type];","","        if (typeof params === 'function') {","            cb = params;","            params = null;","        }","","        return this[method](name).then(function(itemId) {","            return this.postMessage(itemId, text, params);","        }.bind(this)).always(function(data) {","            if (cb) {","                cb(data._value);","            }","        });","    }","","    /**","     * Posts a message to group | channel | user","     * @param {string} name","     * @param {string} text","     * @param {object} params","     * @param {function} cb","     * @returns {vow.Promise}","     */","    postTo(name, text, params, cb) {","        return Vow.all([this.getChannels(), this.getUsers(), this.getGroups()]).then(function(data) {","","            var all = [].concat(data[0].channels, data[1].members, data[2].groups);","            var result = _.find(all, {name: name});","","            console.assert(result, 'wrong name');","","            if (result['is_channel']) {","                return this.postMessageToChannel(name, text, params, cb);","            } else if (result['is_group']) {","                return this.postMessageToGroup(name, text, params, cb);","            } else {","                return this.postMessageToUser(name, text, params, cb);","            }","        }.bind(this));","    }","","    /**","     * Preprocessing of params","     * @param params","     * @returns {object}","     * @private","     */","    _preprocessParams(params) {","        params = extend(params || {}, {token: this.token});","","        Object.keys(params).forEach(function(name) {","            var param = params[name];","","            if (param && typeof param === 'object') {","                params[name] = JSON.stringify(param);","            }","        });","","        return params;","    }","","    /**","     * Send request to API method","     * @param {string} methodName","     * @param {object} params","     * @returns {vow.Promise}","     * @private","     */","    _api(methodName, params) {","","        var data = {","            url: 'https://slack.com/api/' + methodName,","            form: this._preprocessParams(params)","        };","","        return new Vow.Promise(function(resolve, reject) {","","            request.post(data, function(err, request, body) {","                if (err) {","                    reject(err);","","                    return false;","                }","","                try {","                    body = JSON.parse(body);","","                    // Response always contain a top-level boolean property ok,","                    // indicating success or failure","                    if (body.ok) {","                        resolve(body);","                    } else {","                        reject(body);","                    }","","                } catch (e) {","                    reject(e);","                }","            });","        });","    }","}","","module.exports = Bot;",""],"l":{"3":1,"4":1,"5":1,"6":1,"7":1,"8":1,"17":0,"18":0,"19":0,"21":0,"22":0,"29":0,"30":0,"31":0,"32":0,"33":0,"34":0,"35":0,"36":0,"38":0,"40":0,"42":0,"50":0,"52":0,"53":0,"56":0,"57":0,"60":0,"61":0,"62":0,"64":0,"74":0,"75":0,"77":0,"85":0,"86":0,"89":0,"97":0,"98":0,"101":0,"110":0,"111":0,"113":0,"114":0,"124":0,"125":0,"127":0,"128":0,"138":0,"139":0,"141":0,"142":0,"152":0,"153":0,"155":0,"156":0,"166":0,"167":0,"169":0,"170":0,"180":0,"181":0,"183":0,"184":0,"194":0,"195":0,"205":0,"206":0,"216":0,"217":0,"227":0,"228":0,"238":0,"240":0,"242":0,"244":0,"254":0,"265":0,"271":0,"283":0,"290":0,"302":0,"314":0,"326":0,"340":0,"347":0,"348":0,"349":0,"352":0,"353":0,"355":0,"356":0,"370":0,"372":0,"373":0,"375":0,"377":0,"378":0,"379":0,"380":0,"382":0,"394":0,"396":0,"397":0,"399":0,"400":0,"404":0,"416":0,"421":0,"423":0,"424":0,"425":0,"427":0,"430":0,"431":0,"435":0,"436":0,"438":0,"442":0,"449":1}}}